mode: atomic
github.com/gtalarico/pm/internal/config/config.go:14.45,20.2 5 0
github.com/gtalarico/pm/internal/config/config.go:22.56,27.2 4 0
github.com/gtalarico/pm/internal/config/config.go:29.43,32.20 3 0
github.com/gtalarico/pm/internal/config/config.go:37.2,38.25 2 0
github.com/gtalarico/pm/internal/config/config.go:42.2,42.8 1 0
github.com/gtalarico/pm/internal/config/config.go:32.20,36.3 2 0
github.com/gtalarico/pm/internal/config/config.go:38.25,41.3 2 0
github.com/gtalarico/pm/internal/config/config.go:46.35,48.16 2 0
github.com/gtalarico/pm/internal/config/config.go:52.2,52.8 1 0
github.com/gtalarico/pm/internal/config/config.go:48.16,50.13 2 0
github.com/gtalarico/pm/internal/config/config.go:56.30,58.2 1 0
github.com/gtalarico/pm/internal/config/search.go:9.61,11.42 2 3
github.com/gtalarico/pm/internal/config/search.go:16.2,16.17 1 3
github.com/gtalarico/pm/internal/config/search.go:11.42,12.44 1 6
github.com/gtalarico/pm/internal/config/search.go:12.44,14.4 1 3
github.com/gtalarico/pm/internal/config/search.go:19.68,20.36 1 0
github.com/gtalarico/pm/internal/config/search.go:25.2,25.8 1 0
github.com/gtalarico/pm/internal/config/search.go:20.36,21.22 1 0
github.com/gtalarico/pm/internal/config/search.go:21.22,23.4 1 0
github.com/gtalarico/pm/internal/config/search.go:28.79,32.22 3 0
github.com/gtalarico/pm/internal/config/search.go:35.2,35.22 1 0
github.com/gtalarico/pm/internal/config/search.go:38.2,38.21 1 0
github.com/gtalarico/pm/internal/config/search.go:49.2,49.8 1 0
github.com/gtalarico/pm/internal/config/search.go:32.22,34.3 1 0
github.com/gtalarico/pm/internal/config/search.go:35.22,37.3 1 0
github.com/gtalarico/pm/internal/config/search.go:38.21,40.31 2 0
github.com/gtalarico/pm/internal/config/search.go:40.31,42.4 1 0
github.com/gtalarico/pm/internal/config/search.go:42.9,43.37 1 0
github.com/gtalarico/pm/internal/config/search.go:46.4,46.40 1 0
github.com/gtalarico/pm/internal/config/search.go:43.37,45.5 1 0
github.com/gtalarico/pm/internal/cli/args.go:5.80,7.20 1 2
github.com/gtalarico/pm/internal/cli/args.go:12.2,12.19 1 2
github.com/gtalarico/pm/internal/cli/args.go:15.2,16.8 2 2
github.com/gtalarico/pm/internal/cli/args.go:7.20,10.3 2 0
github.com/gtalarico/pm/internal/cli/args.go:12.19,14.3 1 0
github.com/gtalarico/pm/internal/cli/output.go:12.23,16.2 2 0
github.com/gtalarico/pm/internal/cli/output.go:19.65,24.16 4 0
github.com/gtalarico/pm/internal/cli/output.go:28.2,28.20 1 0
github.com/gtalarico/pm/internal/cli/output.go:32.2,33.10 2 0
github.com/gtalarico/pm/internal/cli/output.go:24.16,26.3 1 0
github.com/gtalarico/pm/internal/cli/output.go:28.20,30.3 1 0
github.com/gtalarico/pm/internal/cli/output.go:36.48,37.35 1 0
github.com/gtalarico/pm/internal/cli/output.go:37.35,39.3 1 0
github.com/gtalarico/pm/internal/cli/shell.go:11.25,13.23 2 0
github.com/gtalarico/pm/internal/cli/shell.go:13.23,16.3 2 0
github.com/gtalarico/pm/internal/cli/shell.go:19.24,28.16 5 0
github.com/gtalarico/pm/internal/cli/shell.go:37.2,47.16 3 0
github.com/gtalarico/pm/internal/cli/shell.go:52.2,53.16 2 0
github.com/gtalarico/pm/internal/cli/shell.go:59.2,59.58 1 0
github.com/gtalarico/pm/internal/cli/shell.go:28.16,29.13 1 0
github.com/gtalarico/pm/internal/cli/shell.go:47.16,48.13 1 0
github.com/gtalarico/pm/internal/cli/shell.go:53.16,54.13 1 0
github.com/gtalarico/pm/internal/cli/usage.go:9.18,17.2 2 0
github.com/gtalarico/pm/internal/cli/usage.go:20.36,23.2 2 0
github.com/gtalarico/pm/internal/commands/commands.go:13.62,14.33 1 5
github.com/gtalarico/pm/internal/commands/commands.go:20.2,21.8 2 1
github.com/gtalarico/pm/internal/commands/commands.go:14.33,15.26 1 14
github.com/gtalarico/pm/internal/commands/commands.go:15.26,18.4 2 4
github.com/gtalarico/pm/internal/commands/commands.go:24.55,26.2 1 0
github.com/gtalarico/pm/internal/commands/commands.go:28.50,31.16 3 0
github.com/gtalarico/pm/internal/commands/commands.go:31.16,33.3 1 0
github.com/gtalarico/pm/internal/commands/commands.go:33.8,35.3 1 0
github.com/gtalarico/pm/internal/commands/commands.go:38.51,42.16 4 0
github.com/gtalarico/pm/internal/commands/commands.go:45.2,50.24 3 0
github.com/gtalarico/pm/internal/commands/commands.go:59.2,60.23 2 0
github.com/gtalarico/pm/internal/commands/commands.go:63.2,63.33 1 0
github.com/gtalarico/pm/internal/commands/commands.go:42.16,44.3 1 0
github.com/gtalarico/pm/internal/commands/commands.go:50.24,52.3 1 0
github.com/gtalarico/pm/internal/commands/commands.go:52.8,53.40 1 0
github.com/gtalarico/pm/internal/commands/commands.go:53.40,54.39 1 0
github.com/gtalarico/pm/internal/commands/commands.go:54.39,56.5 1 0
github.com/gtalarico/pm/internal/commands/commands.go:60.23,62.3 1 0
github.com/gtalarico/pm/internal/commands/commands.go:66.54,70.16 4 0
github.com/gtalarico/pm/internal/commands/commands.go:70.16,72.3 1 0
github.com/gtalarico/pm/internal/commands/commands.go:72.8,73.40 1 0
github.com/gtalarico/pm/internal/commands/commands.go:78.3,82.15 4 0
github.com/gtalarico/pm/internal/commands/commands.go:86.3,87.24 2 0
github.com/gtalarico/pm/internal/commands/commands.go:90.3,90.35 1 0
github.com/gtalarico/pm/internal/commands/commands.go:73.40,74.43 1 0
github.com/gtalarico/pm/internal/commands/commands.go:74.43,76.5 1 0
github.com/gtalarico/pm/internal/commands/commands.go:82.15,84.4 1 0
github.com/gtalarico/pm/internal/commands/commands.go:87.24,89.4 1 0
github.com/gtalarico/pm/internal/commands/commands.go:94.38,122.2 2 5
